<?xml version="1.0" encoding="UTF-8"?>
<testsuite xmlns:xsi="http://www.w3.org/2001/XMLSchema-instance" xsi:noNamespaceSchemaLocation="https://maven.apache.org/surefire/maven-surefire-plugin/xsd/surefire-test-report-3.0.xsd" version="3.0" name="helpers.CollectionManagerTest" time="0.079" tests="10" errors="0" skipped="0" failures="0">
  <properties>
    <property name="java.specification.version" value="23"/>
    <property name="sun.jnu.encoding" value="UTF-8"/>
    <property name="java.class.path" value="/Users/bogdanborovoy/Desktop/lab5/target/test-classes:/Users/bogdanborovoy/Desktop/lab5/target/classes:/Users/bogdanborovoy/.m2/repository/com/opencsv/opencsv/5.7.1/opencsv-5.7.1.jar:/Users/bogdanborovoy/.m2/repository/org/apache/commons/commons-text/1.10.0/commons-text-1.10.0.jar:/Users/bogdanborovoy/.m2/repository/commons-beanutils/commons-beanutils/1.9.4/commons-beanutils-1.9.4.jar:/Users/bogdanborovoy/.m2/repository/commons-logging/commons-logging/1.2/commons-logging-1.2.jar:/Users/bogdanborovoy/.m2/repository/commons-collections/commons-collections/3.2.2/commons-collections-3.2.2.jar:/Users/bogdanborovoy/.m2/repository/org/apache/commons/commons-collections4/4.4/commons-collections4-4.4.jar:/Users/bogdanborovoy/.m2/repository/org/apache/commons/commons-lang3/3.12.0/commons-lang3-3.12.0.jar:/Users/bogdanborovoy/.m2/repository/org/junit/jupiter/junit-jupiter/5.12.0/junit-jupiter-5.12.0.jar:/Users/bogdanborovoy/.m2/repository/org/junit/jupiter/junit-jupiter-api/5.12.0/junit-jupiter-api-5.12.0.jar:/Users/bogdanborovoy/.m2/repository/org/opentest4j/opentest4j/1.3.0/opentest4j-1.3.0.jar:/Users/bogdanborovoy/.m2/repository/org/junit/platform/junit-platform-commons/1.12.0/junit-platform-commons-1.12.0.jar:/Users/bogdanborovoy/.m2/repository/org/apiguardian/apiguardian-api/1.1.2/apiguardian-api-1.1.2.jar:/Users/bogdanborovoy/.m2/repository/org/junit/jupiter/junit-jupiter-params/5.12.0/junit-jupiter-params-5.12.0.jar:/Users/bogdanborovoy/.m2/repository/org/junit/jupiter/junit-jupiter-engine/5.12.0/junit-jupiter-engine-5.12.0.jar:/Users/bogdanborovoy/.m2/repository/org/junit/platform/junit-platform-engine/1.12.0/junit-platform-engine-1.12.0.jar:"/>
    <property name="java.vm.vendor" value="Homebrew"/>
    <property name="sun.arch.data.model" value="64"/>
    <property name="java.vendor.url" value="https://github.com/Homebrew/homebrew-core/issues"/>
    <property name="user.timezone" value="Europe/Moscow"/>
    <property name="os.name" value="Mac OS X"/>
    <property name="java.vm.specification.version" value="23"/>
    <property name="sun.java.launcher" value="SUN_STANDARD"/>
    <property name="user.country" value="US"/>
    <property name="sun.boot.library.path" value="/opt/homebrew/Cellar/openjdk/23.0.2/libexec/openjdk.jdk/Contents/Home/lib"/>
    <property name="sun.java.command" value="/Users/bogdanborovoy/Desktop/lab5/target/surefire/surefirebooter-20250320154639308_3.jar /Users/bogdanborovoy/Desktop/lab5/target/surefire 2025-03-20T15-46-39_263-jvmRun1 surefire-20250320154639308_1tmp surefire_0-20250320154639308_2tmp"/>
    <property name="jdk.debug" value="release"/>
    <property name="surefire.test.class.path" value="/Users/bogdanborovoy/Desktop/lab5/target/test-classes:/Users/bogdanborovoy/Desktop/lab5/target/classes:/Users/bogdanborovoy/.m2/repository/com/opencsv/opencsv/5.7.1/opencsv-5.7.1.jar:/Users/bogdanborovoy/.m2/repository/org/apache/commons/commons-text/1.10.0/commons-text-1.10.0.jar:/Users/bogdanborovoy/.m2/repository/commons-beanutils/commons-beanutils/1.9.4/commons-beanutils-1.9.4.jar:/Users/bogdanborovoy/.m2/repository/commons-logging/commons-logging/1.2/commons-logging-1.2.jar:/Users/bogdanborovoy/.m2/repository/commons-collections/commons-collections/3.2.2/commons-collections-3.2.2.jar:/Users/bogdanborovoy/.m2/repository/org/apache/commons/commons-collections4/4.4/commons-collections4-4.4.jar:/Users/bogdanborovoy/.m2/repository/org/apache/commons/commons-lang3/3.12.0/commons-lang3-3.12.0.jar:/Users/bogdanborovoy/.m2/repository/org/junit/jupiter/junit-jupiter/5.12.0/junit-jupiter-5.12.0.jar:/Users/bogdanborovoy/.m2/repository/org/junit/jupiter/junit-jupiter-api/5.12.0/junit-jupiter-api-5.12.0.jar:/Users/bogdanborovoy/.m2/repository/org/opentest4j/opentest4j/1.3.0/opentest4j-1.3.0.jar:/Users/bogdanborovoy/.m2/repository/org/junit/platform/junit-platform-commons/1.12.0/junit-platform-commons-1.12.0.jar:/Users/bogdanborovoy/.m2/repository/org/apiguardian/apiguardian-api/1.1.2/apiguardian-api-1.1.2.jar:/Users/bogdanborovoy/.m2/repository/org/junit/jupiter/junit-jupiter-params/5.12.0/junit-jupiter-params-5.12.0.jar:/Users/bogdanborovoy/.m2/repository/org/junit/jupiter/junit-jupiter-engine/5.12.0/junit-jupiter-engine-5.12.0.jar:/Users/bogdanborovoy/.m2/repository/org/junit/platform/junit-platform-engine/1.12.0/junit-platform-engine-1.12.0.jar:"/>
    <property name="sun.cpu.endian" value="little"/>
    <property name="user.home" value="/Users/bogdanborovoy"/>
    <property name="user.language" value="en"/>
    <property name="java.specification.vendor" value="Oracle Corporation"/>
    <property name="java.version.date" value="2025-01-21"/>
    <property name="java.home" value="/opt/homebrew/Cellar/openjdk/23.0.2/libexec/openjdk.jdk/Contents/Home"/>
    <property name="file.separator" value="/"/>
    <property name="basedir" value="/Users/bogdanborovoy/Desktop/lab5"/>
    <property name="java.vm.compressedOopsMode" value="Zero based"/>
    <property name="line.separator" value="&#10;"/>
    <property name="java.vm.specification.vendor" value="Oracle Corporation"/>
    <property name="java.specification.name" value="Java Platform API Specification"/>
    <property name="apple.awt.application.name" value="ForkedBooter"/>
    <property name="surefire.real.class.path" value="/Users/bogdanborovoy/Desktop/lab5/target/surefire/surefirebooter-20250320154639308_3.jar"/>
    <property name="sun.management.compiler" value="HotSpot 64-Bit Tiered Compilers"/>
    <property name="java.runtime.version" value="23.0.2"/>
    <property name="user.name" value="bogdanborovoy"/>
    <property name="stdout.encoding" value="UTF-8"/>
    <property name="path.separator" value=":"/>
    <property name="os.version" value="14.5"/>
    <property name="java.runtime.name" value="OpenJDK Runtime Environment"/>
    <property name="file.encoding" value="UTF-8"/>
    <property name="java.vm.name" value="OpenJDK 64-Bit Server VM"/>
    <property name="java.vendor.version" value="Homebrew"/>
    <property name="localRepository" value="/Users/bogdanborovoy/.m2/repository"/>
    <property name="java.vendor.url.bug" value="https://github.com/Homebrew/homebrew-core/issues"/>
    <property name="java.io.tmpdir" value="/var/folders/jl/q2bh1xss275bhbtv94btlfn00000gn/T/"/>
    <property name="java.version" value="23.0.2"/>
    <property name="user.dir" value="/Users/bogdanborovoy/Desktop/lab5"/>
    <property name="os.arch" value="aarch64"/>
    <property name="java.vm.specification.name" value="Java Virtual Machine Specification"/>
    <property name="native.encoding" value="UTF-8"/>
    <property name="java.library.path" value="/Users/bogdanborovoy/Library/Java/Extensions:/Library/Java/Extensions:/Network/Library/Java/Extensions:/System/Library/Java/Extensions:/usr/lib/java:."/>
    <property name="java.vm.info" value="mixed mode, sharing"/>
    <property name="stderr.encoding" value="UTF-8"/>
    <property name="java.vendor" value="Homebrew"/>
    <property name="java.vm.version" value="23.0.2"/>
    <property name="sun.io.unicode.encoding" value="UnicodeBig"/>
    <property name="java.class.version" value="67.0"/>
  </properties>
  <testcase name="testAdd" classname="helpers.CollectionManagerTest" time="0.042"/>
  <testcase name="testClear" classname="helpers.CollectionManagerTest" time="0.001"/>
  <testcase name="testHelp" classname="helpers.CollectionManagerTest" time="0.001">
    <system-out><![CDATA[help : вывести справку по доступным командам
info : вывести в стандартный поток вывода информацию о коллекции (тип, дата инициализации, количество элементов и т.д.)

]]></system-out>
  </testcase>
  <testcase name="testInfo" classname="helpers.CollectionManagerTest" time="0.001">
    <system-out><![CDATA[Тип коллекции: TreeSet
Время инициализации: 20/03/2025 - 03:46
Количество элементов: 1

]]></system-out>
  </testcase>
  <testcase name="testRemoveLower" classname="helpers.CollectionManagerTest" time="0.003">
    <system-out><![CDATA[Создание элемента
1 элемент(а) удалено
]]></system-out>
  </testcase>
  <testcase name="testRemoveGreater" classname="helpers.CollectionManagerTest" time="0.001"/>
  <testcase name="testAddIfMax" classname="helpers.CollectionManagerTest" time="0.001">
    <system-out><![CDATA[ID элемента не превышает значение наибольшего элемента этой коллекции
Элемент не был добавлен
]]></system-out>
  </testcase>
  <testcase name="testShowNonEmptyCollection" classname="helpers.CollectionManagerTest" time="0.011">
    <system-out><![CDATA[Космический десантник id: 7055313365327103576 имя: name координаты: (1, 2)  время создания: 20/03/2025 - 03:46 показатель здоровья: 100.0 количество сердец: 3 тип десантника: HELIX тип оружия: MANREAPER орден: name количество десантников: 1

]]></system-out>
  </testcase>
  <testcase name="testShowEmptyCollection" classname="helpers.CollectionManagerTest" time="0.001">
    <system-out><![CDATA[Коллекция пустая
]]></system-out>
  </testcase>
  <testcase name="testPrintFieldAscendingHealth" classname="helpers.CollectionManagerTest" time="0.001">
    <system-out><![CDATA[1.0 2.0 3.0 
]]></system-out>
  </testcase>
</testsuite>